
OpenSBI v0.4 (Jul  2 2019 11:53:53)
   ____                    _____ ____ _____
  / __ \                  / ____|  _ \_   _|
 | |  | |_ __   ___ _ __ | (___ | |_) || |
 | |  | | '_ \ / _ \ '_ \ \___ \|  _ < | |
 | |__| | |_) |  __/ | | |____) | |_) || |_
  \____/| .__/ \___|_| |_|_____/|____/_____|
        | |
        |_|

Platform Name          : QEMU Virt Machine
Platform HART Features : RV64ACDFIMSU
Platform Max HARTs     : 8
Current Hart           : 0
Firmware Base          : 0x80000000
Firmware Size          : 112 KB
Runtime SBI Version    : 0.1

PMP0: 0x0000000080000000-0x000000008001ffff (A)
PMP1: 0x0000000000000000-0xffffffffffffffff (A,R,W,X)
(THU.CST) os is loading ...
Special kernel symbols:
  entry  0xffffffffc0200032 (virtual)
  etext  0xffffffffc02018f4 (virtual)
  edata  0xffffffffc0206010 (virtual)
  end    0xffffffffc0206570 (virtual)
Kernel executable memory footprint: 26KB
memory management: buddy_pmm_manager
physcial memory map:
  memory: 0x0000000007e00000, [0x0000000080200000, 0x0000000087ffffff].
kern_end:  0x0000000080206570
pages:     0x0000000080207000
freemem:   0x0000000080347000
mem_begin: 0x0000000080347000
mem_end:   0x0000000088000000
